\BOOKMARK [1][-]{section*.3}{\376\377\000D\000A\000N\000H\000\040\000M\036\344\000C\000\040\000C\000H\036\356\000\040\000V\000I\036\276\000T\000\040\000T\036\256\000T}{}% 1
\BOOKMARK [1][-]{section*.5}{\376\377\000\040\000D\000A\000N\000H\000\040\000M\036\344\000C\000\040\000H\000\314\000N\000H\000\040\000V\036\274}{}% 2
\BOOKMARK [1][-]{section*.6}{\376\377\000\040\000D\000A\000N\000H\000\040\000M\036\344\000C\000\040\000B\036\242\000N\000G\000\040\000B\000I\036\302\000U}{}% 3
\BOOKMARK [1][-]{section*.7}{\376\377\000T\000\323\000M\000\040\000T\036\256\000T}{}% 4
\BOOKMARK [1][-]{section*.7}{\376\377\000C\000H\001\257\001\240\000N\000G\000\040\0001\000.\000\040\000G\000I\036\332\000I\000\040\000T\000H\000I\036\306\000U}{}% 5
\BOOKMARK [2][-]{subsection.1.1}{\376\377\001\020\036\267\000t\000\040\000v\036\245\000n\000\040\001\021\036\301}{section*.7}% 6
\BOOKMARK [2][-]{subsection.1.2}{\376\377\000M\036\345\000c\000\040\000t\000i\000\352\000u\000\040\001\021\036\301\000\040\000t\000\340\000i}{section*.7}% 7
\BOOKMARK [2][-]{subsection.1.3}{\376\377\001\020\000\363\000n\000g\000\040\000g\000\363\000p\000\040\000c\000h\000\355\000n\000h}{section*.7}% 8
\BOOKMARK [2][-]{subsection.1.4}{\376\377\000C\036\245\000u\000\040\000t\000r\000\372\000c\000\040\000b\000\341\000o\000\040\000c\000\341\000o}{section*.7}% 9
\BOOKMARK [1][-]{subsection.1.4}{\376\377\000C\000H\001\257\001\240\000N\000G\000\040\0002\000.\000\040\000C\001\240\000\040\000S\036\336\000\040\000L\000\335\000\040\000T\000H\000U\000Y\036\276\000T}{}% 10
\BOOKMARK [2][-]{subsection.2.5}{\376\377\000B\000\340\000i\000\040\000t\000o\000\341\000n\000\040\000t\000h\000e\000o\000\040\000d\000\365\000i\000\040\000n\000g\001\260\036\335\000i\000\040\001\021\000a\000\040\000c\000a\000m\000e\000r\000a}{subsection.1.4}% 11
\BOOKMARK [3][-]{subsubsection.2.5.1}{\376\377\001\020\036\313\000n\000h\000\040\000n\000g\000h\001\051\000a\000\040\000b\000\340\000i\000\040\000t\000o\000\341\000n}{subsection.2.5}% 12
\BOOKMARK [3][-]{subsubsection.2.5.2}{\376\377\000P\000h\000\342\000n\000\040\000l\000o\036\241\000i\000\040\000p\000h\001\260\001\241\000n\000g\000\040\000p\000h\000\341\000p\000\040\000t\000i\036\277\000p\000\040\000c\036\255\000n}{subsection.2.5}% 13
\BOOKMARK [2][-]{subsection.2.6}{\376\377\000C\000\341\000c\000\040\001\021\036\331\000\040\001\021\000o\000\040\001\021\000\341\000n\000h\000\040\000g\000i\000\341}{subsection.1.4}% 14
\BOOKMARK [3][-]{subsubsection.2.6.1}{\376\377\001\020\036\331\000\040\001\021\000o\000\040\001\021\001\241\000n\000\040\000c\000a\000m\000e\000r\000a\000:\000\040\000M\000O\000T\000A\000,\000\040\000M\000O\000T\000P\000\040\000v\000\340\000\040\000I\000D\000F\0001}{subsection.2.6}% 15
\BOOKMARK [3][-]{subsubsection.2.6.2}{\376\377\001\020\036\331\000\040\001\021\000o\000\040\000x\000u\000y\000\352\000n\000\040\000c\000a\000m\000e\000r\000a\000:\000\040\000G\000l\000o\000b\000a\000l\000\040\000I\000D\000F\0001}{subsection.2.6}% 16
\BOOKMARK [2][-]{subsection.2.7}{\376\377\000B\036\331\000\040\000d\036\357\000\040\000l\000i\036\307\000u\000\040\000M\000M\000P\000T\000r\000a\000c\000k}{subsection.1.4}% 17
\BOOKMARK [2][-]{subsection.2.8}{\376\377\000P\000h\000\341\000t\000\040\000h\000i\036\307\000n\000\040\000n\000g\001\260\036\335\000i\000:\000\040\000Y\000O\000L\000O\0001\0001\000n}{subsection.1.4}% 18
\BOOKMARK [2][-]{subsection.2.9}{\376\377\000T\000h\000e\000o\000\040\000d\000\365\000i\000\040\000c\036\345\000c\000\040\000b\036\331\000:\000\040\000N\000v\000D\000C\000F}{subsection.1.4}% 19
\BOOKMARK [2][-]{subsection.2.10}{\376\377\000N\000h\036\255\000n\000\040\000d\036\241\000n\000g\000\040\000l\036\241\000i\000\040\000n\000g\001\260\036\335\000i\000:\000\040\000S\000w\000i\000n\000\040\000T\000r\000a\000n\000s\000f\000o\000r\000m\000e\000r\000\040\000R\000e\000I\000D}{subsection.1.4}% 20
\BOOKMARK [2][-]{subsection.2.11}{\376\377\000N\036\301\000n\000\040\000t\036\243\000n\000g\000\040\000N\000V\000I\000D\000I\000A\000\040\000D\000e\000e\000p\000S\000t\000r\000e\000a\000m}{subsection.1.4}% 21
\BOOKMARK [2][-]{subsection.2.12}{\376\377\000C\000\341\000c\000\040\000n\000g\000h\000i\000\352\000n\000\040\000c\036\351\000u\000\040\000l\000i\000\352\000n\000\040\000q\000u\000a\000n}{subsection.1.4}% 22
\BOOKMARK [3][-]{subsubsection.2.12.1}{\376\377\000M\000M\000P\000T\000R\000A\000C\000K\000\040\000B\000a\000s\000e\000l\000i\000n\000e}{subsection.2.12}% 23
\BOOKMARK [3][-]{subsubsection.2.12.2}{\376\377\000A\000n\000c\000h\000o\000r\000-\000G\000u\000i\000d\000e\000d\000\040\000C\000l\000u\000s\000t\000e\000r\000i\000n\000g}{subsection.2.12}% 24
\BOOKMARK [3][-]{subsubsection.2.12.3}{\376\377\000M\000C\000B\000L\000T\000:\000\040\000M\000u\000l\000t\000i\000-\000C\000a\000m\000e\000r\000a\000\040\000B\000E\000V\000\040\000L\000o\000n\000g\000-\000T\000e\000r\000m\000\040\000T\000r\000a\000c\000k\000i\000n\000g}{subsection.2.12}% 25
\BOOKMARK [3][-]{subsubsection.2.12.4}{\376\377\000T\000r\000a\000c\000k\000T\000a\000c\000u\000l\000a\000r\000:\000\040\000E\000a\000r\000l\000y\000-\000F\000u\000s\000i\000o\000n\000\040\000B\000E\000V}{subsection.2.12}% 26
\BOOKMARK [3][-]{subsubsection.2.12.5}{\376\377\000M\000C\000T\000R\000:\000\040\000E\000n\000d\000-\000t\000o\000-\000E\000n\000d\000\040\000T\000r\000a\000n\000s\000f\000o\000r\000m\000e\000r}{subsection.2.12}% 27
\BOOKMARK [1][-]{subsubsection.2.12.5}{\376\377\000C\000H\001\257\001\240\000N\000G\000\040\0003\000.\000\040\000P\000H\001\257\001\240\000N\000G\000\040\000P\000H\000\301\000P}{}% 28
\BOOKMARK [2][-]{subsection.3.13}{\376\377\000K\000i\036\277\000n\000\040\000t\000r\000\372\000c\000\040\000t\036\325\000n\000g\000\040\000t\000h\036\303\000\040\000h\036\307\000\040\000t\000h\036\321\000n\000g}{subsubsection.2.12.5}% 29
\BOOKMARK [2][-]{subsection.3.14}{\376\377\000T\036\247\000n\000g\000\040\0001\000:\000\040\000P\000h\000\341\000t\000\040\000h\000i\036\307\000n\000\040\000v\000\340\000\040\000t\000h\000e\000o\000\040\000d\000\365\000i\000\040\000p\000e\000r\000-\000c\000a\000m\000e\000r\000a}{subsubsection.2.12.5}% 30
\BOOKMARK [3][-]{subsubsection.3.14.1}{\376\377\000P\000h\000\341\000t\000\040\000h\000i\036\307\000n\000\040\000n\000g\001\260\036\335\000i}{subsection.3.14}% 31
\BOOKMARK [3][-]{subsubsection.3.14.2}{\376\377\000T\000h\000e\000o\000\040\000d\000\365\000i\000\040\000c\036\345\000c\000\040\000b\036\331}{subsection.3.14}% 32
\BOOKMARK [3][-]{subsubsection.3.14.3}{\376\377\000T\000r\000\355\000c\000h\000\040\000x\000u\036\245\000t\000\040\000e\000m\000b\000e\000d\000d\000i\000n\000g}{subsection.3.14}% 33
\BOOKMARK [2][-]{subsection.3.15}{\376\377\000T\036\247\000n\000g\000\040\0002\000:\000\040\001\020\036\313\000n\000h\000\040\000d\000a\000n\000h\000\040\000x\000u\000y\000\352\000n\000\040\000c\000a\000m\000e\000r\000a}{subsubsection.2.12.5}% 34
\BOOKMARK [3][-]{subsubsection.3.15.1}{\376\377\000C\000r\000o\000s\000s\000C\000a\000m\000e\000r\000a\000G\000a\000l\000l\000e\000r\000y\000P\000r\000o\000b\000e}{subsection.3.15}% 35
\BOOKMARK [3][-]{subsubsection.3.15.2}{\376\377\000R\000\340\000n\000g\000\040\000b\000u\036\331\000c\000\040\000h\000\354\000n\000h\000\040\000h\036\315\000c}{subsection.3.15}% 36
\BOOKMARK [3][-]{subsubsection.3.15.3}{\376\377\000L\000i\000v\000e\000\040\000I\000D\000\040\000v\000\340\000\040\000B\000u\000f\000f\000e\000r\000e\000d\000\040\000I\000D}{subsection.3.15}% 37
\BOOKMARK [2][-]{subsection.3.16}{\376\377\000L\000\340\000m\000\040\000s\036\241\000c\000h\000\040\000n\000h\000\343\000n\000\040\000h\000u\036\245\000n\000\040\000l\000u\000y\036\307\000n}{subsubsection.2.12.5}% 38
\BOOKMARK [3][-]{subsubsection.3.16.1}{\376\377\000L\000\340\000m\000\040\000s\036\241\000c\000h\000\040\000n\000h\000\343\000n\000\040\000Y\000O\000L\000O}{subsection.3.16}% 39
\BOOKMARK [3][-]{subsubsection.3.16.2}{\376\377\000L\000\340\000m\000\040\000s\036\241\000c\000h\000\040\000n\000h\000\343\000n\000\040\000R\000e\000I\000D}{subsection.3.16}% 40
\BOOKMARK [2][-]{subsection.3.17}{\376\377\000P\000h\000\342\000n\000\040\000t\000\355\000c\000h\000\040\000m\036\255\000t\000\040\001\021\036\331\000\040\000n\000g\001\260\036\335\000i\000\040\000\050\000H\000e\000a\000t\000m\000a\000p\000\051}{subsubsection.2.12.5}% 41
\BOOKMARK [3][-]{subsubsection.3.17.1}{\376\377\000B\000a\000\040\000c\000h\036\311\000\040\000s\036\321\000\040\000p\000h\000\342\000n\000\040\000t\000\355\000c\000h}{subsection.3.17}% 42
\BOOKMARK [3][-]{subsubsection.3.17.2}{\376\377\000T\000r\000i\036\303\000n\000\040\000k\000h\000a\000i\000\040\000t\000h\036\361\000c\000\040\000t\036\277}{subsection.3.17}% 43
\BOOKMARK [1][-]{figure.caption.16}{\376\377\000C\000H\001\257\001\240\000N\000G\000\040\0004\000.\000\040\000T\000H\000\315\000\040\000N\000G\000H\000I\036\306\000M\000\040\000V\000\300\000\040\000K\036\276\000T\000\040\000Q\000U\036\242}{}% 44
\BOOKMARK [2][-]{subsection.4.18}{\376\377\000C\036\245\000u\000\040\000h\000\354\000n\000h\000\040\000t\000h\036\361\000c\000\040\000n\000g\000h\000i\036\307\000m}{figure.caption.16}% 45
\BOOKMARK [3][-]{subsubsection.4.18.1}{\376\377\000P\000h\036\247\000n\000\040\000c\036\351\000n\000g\000\040\000v\000\340\000\040\000p\000h\036\247\000n\000\040\000m\036\301\000m}{subsection.4.18}% 46
\BOOKMARK [3][-]{subsubsection.4.18.2}{\376\377\000B\036\331\000\040\000d\036\357\000\040\000l\000i\036\307\000u\000\040\000k\000i\036\303\000m\000\040\000t\000h\036\355}{subsection.4.18}% 47
\BOOKMARK [3][-]{subsubsection.4.18.3}{\376\377\000C\036\245\000u\000\040\000h\000\354\000n\000h\000\040\000p\000i\000p\000e\000l\000i\000n\000e}{subsection.4.18}% 48
\BOOKMARK [2][-]{subsection.4.19}{\376\377\000K\036\277\000t\000\040\000q\000u\036\243\000\040\001\021\036\313\000n\000h\000\040\000d\000a\000n\000h\000\040\000x\000u\000y\000\352\000n\000\040\000c\000a\000m\000e\000r\000a}{figure.caption.16}% 49
\BOOKMARK [3][-]{subsubsection.4.19.1}{\376\377\000G\000l\000o\000b\000a\000l\000\040\000I\000D\000F\0001\000\040\000t\000h\000e\000o\000\040\000m\000\364\000i\000\040\000t\000r\001\260\036\335\000n\000g}{subsection.4.19}% 50
\BOOKMARK [3][-]{subsubsection.4.19.2}{\376\377\000P\000h\000\342\000n\000\040\000t\000\355\000c\000h\000\040\000t\000h\000e\000o\000\040\000m\000\364\000i\000\040\000t\000r\001\260\036\335\000n\000g}{subsection.4.19}% 51
\BOOKMARK [3][-]{subsubsection.4.19.3}{\376\377\000N\001\003\000n\000g\000\040\000l\036\361\000c\000\040\000h\036\307\000\040\000t\000h\036\321\000n\000g\000\040\000k\000h\000i\000\040\000l\000o\036\241\000i\000\040\000t\000r\036\353\000\040\000m\000\364\000i\000\040\000t\000r\001\260\036\335\000n\000g\000\040\000R\000e\000t\000a\000i\000l}{subsection.4.19}% 52
\BOOKMARK [2][-]{subsection.4.20}{\376\377\000T\000h\000\364\000n\000g\000\040\000l\001\260\036\343\000n\000g\000\040\000x\036\355\000\040\000l\000\375}{figure.caption.16}% 53
\BOOKMARK [3][-]{subsubsection.4.20.1}{\376\377\000T\000h\000\364\000n\000g\000\040\000l\001\260\036\343\000n\000g\000\040\000p\000i\000p\000e\000l\000i\000n\000e\000\040\000p\000r\000o\000d\000u\000c\000t\000i\000o\000n}{subsection.4.20}% 54
\BOOKMARK [3][-]{subsubsection.4.20.2}{\376\377\000S\036\355\000\040\000d\036\345\000n\000g\000\040\000V\000R\000A\000M}{subsection.4.20}% 55
\BOOKMARK [3][-]{subsubsection.4.20.3}{\376\377\000K\000h\036\243\000o\000\040\000s\000\341\000t\000\040\000m\000a\000x\000T\000a\000r\000g\000e\000t\000s\000P\000e\000r\000S\000t\000r\000e\000a\000m\000\040\000\050\000F\000P\000S\000\040\000v\000\340\000\040\000V\000R\000A\000M\000\051}{subsection.4.20}% 56
\BOOKMARK [2][-]{subsection.4.21}{\376\377\000H\000i\036\307\000u\000\040\000q\000u\036\243\000\040\000c\036\347\000a\000\040\000B\000u\000f\000f\000e\000r\000e\000d\000\040\000I\000D}{figure.caption.16}% 57
\BOOKMARK [3][-]{subsubsection.4.21.1}{\376\377\000K\000h\036\243\000o\000\040\000s\000\341\000t\000\040\000k\000\355\000c\000h\000\040\000t\000h\001\260\036\333\000c\000\040\000c\036\355\000a\000\040\000s\036\325}{subsection.4.21}% 58
\BOOKMARK [2][-]{subsection.4.22}{\376\377\000N\000g\000h\000i\000\352\000n\000\040\000c\036\351\000u\000\040\000t\036\321\000i\000\040\001\260\000u\000\040\000h\000\363\000a\000\040\000t\000h\000\364\000n\000g\000\040\000l\001\260\036\343\000n\000g}{figure.caption.16}% 59
\BOOKMARK [2][-]{subsection.4.23}{\376\377\000S\000o\000\040\000s\000\341\000n\000h\000\040\000k\000i\036\277\000n\000\040\000t\000r\000\372\000c\000\040\000m\000\364\000\040\000h\000\354\000n\000h\000\040\000R\000e\000I\000D}{figure.caption.16}% 60
\BOOKMARK [1][-]{section*.28}{\376\377\000K\036\276\000T\000\040\000L\000U\036\254\000N}{}% 61
\BOOKMARK [1][-]{section*.29}{\376\377\000K\036\277\000t\000\040\000l\000u\036\255\000n\000\040\000c\000h\000u\000n\000g}{}% 62
\BOOKMARK [1][-]{section*.30}{\376\377\000H\036\241\000n\000\040\000c\000h\036\277}{}% 63
\BOOKMARK [1][-]{section*.31}{\376\377\000H\001\260\036\333\000n\000g\000\040\000p\000h\000\341\000t\000\040\000t\000r\000i\036\303\000n}{}% 64
\BOOKMARK [1][-]{section*.32}{\376\377\000T\000\300\000I\000\040\000L\000I\036\306\000U\000\040\000T\000H\000A\000M\000\040\000K\000H\036\242\000O}{}% 65
\BOOKMARK [1][-]{section*.33}{\376\377\000\040\000P\000H\036\344\000\040\000L\036\344\000C}{}% 66
